mode: set
github.com/PaulDong/golaravel/session/session.go:21.53,25.16 3 1
github.com/PaulDong/golaravel/session/session.go:25.16,27.3 1 0
github.com/PaulDong/golaravel/session/session.go:30.2,30.48 1 1
github.com/PaulDong/golaravel/session/session.go:30.48,32.3 1 1
github.com/PaulDong/golaravel/session/session.go:35.2,35.48 1 1
github.com/PaulDong/golaravel/session/session.go:35.48,37.3 1 0
github.com/PaulDong/golaravel/session/session.go:40.2,49.40 8 1
github.com/PaulDong/golaravel/session/session.go:50.15,50.15 0 0
github.com/PaulDong/golaravel/session/session.go:52.32,52.32 0 0
github.com/PaulDong/golaravel/session/session.go:54.26,54.26 0 0
github.com/PaulDong/golaravel/session/session.go:56.10,56.10 0 1
github.com/PaulDong/golaravel/session/session.go:59.2,59.16 1 1
github.com/PaulDong/golaravel/render/render.go:35.111,36.37 1 1
github.com/PaulDong/golaravel/render/render.go:37.12,38.36 1 1
github.com/PaulDong/golaravel/render/render.go:39.13,40.48 1 1
github.com/PaulDong/golaravel/render/render.go:41.10,41.10 0 1
github.com/PaulDong/golaravel/render/render.go:44.2,44.53 1 1
github.com/PaulDong/golaravel/render/render.go:48.102,50.16 2 1
github.com/PaulDong/golaravel/render/render.go:50.16,52.3 1 1
github.com/PaulDong/golaravel/render/render.go:53.2,54.17 2 1
github.com/PaulDong/golaravel/render/render.go:54.17,56.3 1 0
github.com/PaulDong/golaravel/render/render.go:58.2,59.16 2 1
github.com/PaulDong/golaravel/render/render.go:59.16,61.3 1 0
github.com/PaulDong/golaravel/render/render.go:62.2,62.12 1 1
github.com/PaulDong/golaravel/render/render.go:66.122,68.22 2 1
github.com/PaulDong/golaravel/render/render.go:68.22,70.3 1 1
github.com/PaulDong/golaravel/render/render.go:70.8,72.3 1 0
github.com/PaulDong/golaravel/render/render.go:74.2,75.17 2 1
github.com/PaulDong/golaravel/render/render.go:75.17,77.3 1 0
github.com/PaulDong/golaravel/render/render.go:78.2,79.16 2 1
github.com/PaulDong/golaravel/render/render.go:79.16,82.3 2 1
github.com/PaulDong/golaravel/render/render.go:83.2,83.46 1 1
github.com/PaulDong/golaravel/render/render.go:83.46,86.3 2 0
github.com/PaulDong/golaravel/render/render.go:87.2,87.12 1 1
