mode: set
github.com/PaulDong/golaravel/cache/badger_cache.go:14.53,16.16 2 1
github.com/PaulDong/golaravel/cache/badger_cache.go:16.16,18.3 1 1
github.com/PaulDong/golaravel/cache/badger_cache.go:19.2,19.18 1 1
github.com/PaulDong/golaravel/cache/badger_cache.go:22.60,24.49 2 1
github.com/PaulDong/golaravel/cache/badger_cache.go:24.49,26.17 2 1
github.com/PaulDong/golaravel/cache/badger_cache.go:26.17,28.4 1 1
github.com/PaulDong/golaravel/cache/badger_cache.go:29.3,29.43 1 1
github.com/PaulDong/golaravel/cache/badger_cache.go:29.43,32.4 2 1
github.com/PaulDong/golaravel/cache/badger_cache.go:33.3,33.17 1 1
github.com/PaulDong/golaravel/cache/badger_cache.go:33.17,35.4 1 0
github.com/PaulDong/golaravel/cache/badger_cache.go:36.3,36.13 1 1
github.com/PaulDong/golaravel/cache/badger_cache.go:38.2,38.16 1 1
github.com/PaulDong/golaravel/cache/badger_cache.go:38.16,40.3 1 1
github.com/PaulDong/golaravel/cache/badger_cache.go:41.2,42.16 2 1
github.com/PaulDong/golaravel/cache/badger_cache.go:42.16,44.3 1 0
github.com/PaulDong/golaravel/cache/badger_cache.go:45.2,46.18 2 1
github.com/PaulDong/golaravel/cache/badger_cache.go:49.80,54.16 4 1
github.com/PaulDong/golaravel/cache/badger_cache.go:54.16,56.3 1 0
github.com/PaulDong/golaravel/cache/badger_cache.go:57.2,57.22 1 1
github.com/PaulDong/golaravel/cache/badger_cache.go:57.22,58.51 1 0
github.com/PaulDong/golaravel/cache/badger_cache.go:58.51,62.4 3 0
github.com/PaulDong/golaravel/cache/badger_cache.go:63.8,64.51 1 1
github.com/PaulDong/golaravel/cache/badger_cache.go:64.51,68.4 3 1
github.com/PaulDong/golaravel/cache/badger_cache.go:70.2,70.12 1 1
github.com/PaulDong/golaravel/cache/badger_cache.go:73.48,74.51 1 1
github.com/PaulDong/golaravel/cache/badger_cache.go:74.51,77.3 2 1
github.com/PaulDong/golaravel/cache/badger_cache.go:78.2,78.12 1 1
github.com/PaulDong/golaravel/cache/badger_cache.go:81.54,83.2 1 1
github.com/PaulDong/golaravel/cache/badger_cache.go:85.37,87.2 1 1
github.com/PaulDong/golaravel/cache/badger_cache.go:89.54,90.51 1 1
github.com/PaulDong/golaravel/cache/badger_cache.go:90.51,91.55 1 1
github.com/PaulDong/golaravel/cache/badger_cache.go:91.55,92.38 1 1
github.com/PaulDong/golaravel/cache/badger_cache.go:92.38,93.43 1 1
github.com/PaulDong/golaravel/cache/badger_cache.go:93.43,95.6 1 0
github.com/PaulDong/golaravel/cache/badger_cache.go:97.4,97.14 1 1
github.com/PaulDong/golaravel/cache/badger_cache.go:98.18,100.4 1 0
github.com/PaulDong/golaravel/cache/badger_cache.go:101.3,101.13 1 1
github.com/PaulDong/golaravel/cache/badger_cache.go:103.2,104.49 2 1
github.com/PaulDong/golaravel/cache/badger_cache.go:104.49,114.71 8 1
github.com/PaulDong/golaravel/cache/badger_cache.go:114.71,118.36 4 1
github.com/PaulDong/golaravel/cache/badger_cache.go:118.36,119.53 1 0
github.com/PaulDong/golaravel/cache/badger_cache.go:119.53,121.6 1 0
github.com/PaulDong/golaravel/cache/badger_cache.go:124.3,124.24 1 1
github.com/PaulDong/golaravel/cache/badger_cache.go:124.24,125.52 1 1
github.com/PaulDong/golaravel/cache/badger_cache.go:125.52,127.5 1 0
github.com/PaulDong/golaravel/cache/badger_cache.go:129.3,129.13 1 1
github.com/PaulDong/golaravel/cache/badger_cache.go:131.2,131.12 1 1
github.com/PaulDong/golaravel/cache/cache.go:27.52,33.17 5 1
github.com/PaulDong/golaravel/cache/cache.go:33.17,35.4 1 0
github.com/PaulDong/golaravel/cache/cache.go:36.3,36.17 1 1
github.com/PaulDong/golaravel/cache/cache.go:39.41,43.17 4 1
github.com/PaulDong/golaravel/cache/cache.go:43.17,45.4 1 0
github.com/PaulDong/golaravel/cache/cache.go:46.3,46.24 1 1
github.com/PaulDong/golaravel/cache/cache.go:49.40,55.17 6 1
github.com/PaulDong/golaravel/cache/cache.go:55.17,57.4 1 0
github.com/PaulDong/golaravel/cache/cache.go:58.3,58.19 1 1
github.com/PaulDong/golaravel/cache/cache.go:61.59,67.17 5 1
github.com/PaulDong/golaravel/cache/cache.go:67.17,69.4 1 0
github.com/PaulDong/golaravel/cache/cache.go:70.3,71.17 2 1
github.com/PaulDong/golaravel/cache/cache.go:71.17,73.4 1 0
github.com/PaulDong/golaravel/cache/cache.go:74.3,75.19 2 1
github.com/PaulDong/golaravel/cache/cache.go:78.79,86.17 7 1
github.com/PaulDong/golaravel/cache/cache.go:86.17,88.4 1 0
github.com/PaulDong/golaravel/cache/cache.go:89.3,89.23 1 1
github.com/PaulDong/golaravel/cache/cache.go:89.23,91.19 2 0
github.com/PaulDong/golaravel/cache/cache.go:91.19,93.6 1 0
github.com/PaulDong/golaravel/cache/cache.go:94.9,96.19 2 1
github.com/PaulDong/golaravel/cache/cache.go:96.19,98.6 1 0
github.com/PaulDong/golaravel/cache/cache.go:101.3,101.13 1 1
github.com/PaulDong/golaravel/cache/cache.go:104.47,109.17 5 1
github.com/PaulDong/golaravel/cache/cache.go:109.17,111.4 1 0
github.com/PaulDong/golaravel/cache/cache.go:112.3,112.13 1 1
github.com/PaulDong/golaravel/cache/cache.go:115.53,120.17 5 1
github.com/PaulDong/golaravel/cache/cache.go:120.17,122.4 1 0
github.com/PaulDong/golaravel/cache/cache.go:123.3,123.26 1 1
github.com/PaulDong/golaravel/cache/cache.go:123.26,126.19 2 1
github.com/PaulDong/golaravel/cache/cache.go:126.19,128.6 1 0
github.com/PaulDong/golaravel/cache/cache.go:130.3,130.13 1 1
github.com/PaulDong/golaravel/cache/cache.go:133.36,138.17 5 1
github.com/PaulDong/golaravel/cache/cache.go:138.17,140.4 1 0
github.com/PaulDong/golaravel/cache/cache.go:141.3,141.26 1 1
github.com/PaulDong/golaravel/cache/cache.go:141.26,144.19 2 1
github.com/PaulDong/golaravel/cache/cache.go:144.19,146.6 1 0
github.com/PaulDong/golaravel/cache/cache.go:148.3,148.13 1 1
github.com/PaulDong/golaravel/cache/cache.go:151.64,156.7 5 1
github.com/PaulDong/golaravel/cache/cache.go:156.7,158.19 2 1
github.com/PaulDong/golaravel/cache/cache.go:158.19,160.6 1 0
github.com/PaulDong/golaravel/cache/cache.go:161.5,164.18 4 1
github.com/PaulDong/golaravel/cache/cache.go:164.18,165.12 1 1
github.com/PaulDong/golaravel/cache/cache.go:168.3,168.19 1 1
github.com/PaulDong/golaravel/session/session.go:28.53,32.17 3 1
github.com/PaulDong/golaravel/session/session.go:32.17,34.4 1 0
github.com/PaulDong/golaravel/session/session.go:37.3,37.49 1 1
github.com/PaulDong/golaravel/session/session.go:37.49,39.4 1 1
github.com/PaulDong/golaravel/session/session.go:42.3,42.49 1 1
github.com/PaulDong/golaravel/session/session.go:42.49,44.4 1 0
github.com/PaulDong/golaravel/session/session.go:47.3,56.41 8 1
github.com/PaulDong/golaravel/session/session.go:57.16,58.48 1 0
github.com/PaulDong/golaravel/session/session.go:59.33,60.48 1 0
github.com/PaulDong/golaravel/session/session.go:61.27,62.45 1 0
github.com/PaulDong/golaravel/session/session.go:63.11,63.11 0 1
github.com/PaulDong/golaravel/session/session.go:66.3,66.17 1 1
